<?xml version="1.0" encoding="UTF-8"?>
<testng-results skipped="0" failed="1" ignored="0" total="7" passed="6">
  <reporter-output>
  </reporter-output>
  <suite name="Suite" duration-ms="23785" started-at="2019-10-09T21:47:43Z" finished-at="2019-10-09T21:48:07Z">
    <groups>
    </groups>
    <test name="ShoppingPortalLoginTest" duration-ms="13490" started-at="2019-10-09T21:47:43Z" finished-at="2019-10-09T21:47:57Z">
      <class name="com.hellofresh.challenge.ShoppingPortalLoginTest">
        <test-method status="PASS" signature="setupTest(java.lang.String, java.lang.String)[pri:0, instance:com.hellofresh.challenge.ShoppingPortalLoginTest@4f933fd1]" name="setupTest" is-config="true" duration-ms="6327" started-at="2019-10-09T21:47:43Z" finished-at="2019-10-09T21:47:50Z">
          <params>
            <param index="0">
              <value>
                <![CDATA[chrome]]>
              </value>
            </param>
            <param index="1">
              <value>
                <![CDATA[http://automationpractice.com/index.php]]>
              </value>
            </param>
          </params>
          <reporter-output>
          </reporter-output>
        </test-method> <!-- setupTest -->
        <test-method status="PASS" signature="loginInTest(java.lang.String, java.lang.String, java.lang.String, java.lang.String, java.lang.String, java.lang.String, java.lang.String)[pri:0, instance:com.hellofresh.challenge.ShoppingPortalLoginTest@4f933fd1]" name="loginInTest" duration-ms="4561" started-at="2019-10-09T21:47:50Z" data-provider="ShoppingPortal" finished-at="2019-10-09T21:47:55Z">
          <params>
            <param index="0">
              <value>
                <![CDATA[Faded Short Sleeve T-shirts]]>
              </value>
            </param>
            <param index="1">
              <value>
                <![CDATA[3]]>
              </value>
            </param>
            <param index="2">
              <value>
                <![CDATA[L]]>
              </value>
            </param>
            <param index="3">
              <value>
                <![CDATA[himanshuarora323@gmail.com]]>
              </value>
            </param>
            <param index="4">
              <value>
                <![CDATA[QA90qa90]]>
              </value>
            </param>
            <param index="5">
              <value>
                <![CDATA[Test]]>
              </value>
            </param>
            <param index="6">
              <value>
                <![CDATA[ABC]]>
              </value>
            </param>
          </params>
          <reporter-output>
          </reporter-output>
        </test-method> <!-- loginInTest -->
        <test-method status="PASS" signature="clickLogout()[pri:0, instance:com.hellofresh.challenge.ShoppingPortalLoginTest@4f933fd1]" name="clickLogout" is-config="true" duration-ms="2068" started-at="2019-10-09T21:47:55Z" finished-at="2019-10-09T21:47:57Z">
          <reporter-output>
          </reporter-output>
        </test-method> <!-- clickLogout -->
        <test-method status="PASS" signature="CloseBrowser()[pri:0, instance:com.hellofresh.challenge.ShoppingPortalLoginTest@4f933fd1]" name="CloseBrowser" is-config="true" duration-ms="144" started-at="2019-10-09T21:47:57Z" depends-on-methods="com.hellofresh.challenge.ShoppingPortalLoginTest.clickLogout" finished-at="2019-10-09T21:47:57Z">
          <reporter-output>
          </reporter-output>
        </test-method> <!-- CloseBrowser -->
      </class> <!-- com.hellofresh.challenge.ShoppingPortalLoginTest -->
    </test> <!-- ShoppingPortalLoginTest -->
    <test name="ShoppingPortalRegistrationTest" duration-ms="15693" started-at="2019-10-09T21:47:43Z" finished-at="2019-10-09T21:47:59Z">
      <class name="com.hellofresh.challenge.ShoppingPortalRegistrationTest">
        <test-method status="PASS" signature="setupTest(java.lang.String, java.lang.String)[pri:0, instance:com.hellofresh.challenge.ShoppingPortalRegistrationTest@3c756e4d]" name="setupTest" is-config="true" duration-ms="5874" started-at="2019-10-09T21:47:43Z" finished-at="2019-10-09T21:47:49Z">
          <params>
            <param index="0">
              <value>
                <![CDATA[chrome]]>
              </value>
            </param>
            <param index="1">
              <value>
                <![CDATA[http://automationpractice.com/index.php]]>
              </value>
            </param>
          </params>
          <reporter-output>
          </reporter-output>
        </test-method> <!-- setupTest -->
        <test-method status="PASS" signature="registrationForShoppingPortal()[pri:0, instance:com.hellofresh.challenge.ShoppingPortalRegistrationTest@3c756e4d]" name="registrationForShoppingPortal" duration-ms="8142" started-at="2019-10-09T21:47:49Z" finished-at="2019-10-09T21:47:58Z">
          <reporter-output>
          </reporter-output>
        </test-method> <!-- registrationForShoppingPortal -->
        <test-method status="PASS" signature="clickLogout()[pri:0, instance:com.hellofresh.challenge.ShoppingPortalRegistrationTest@3c756e4d]" name="clickLogout" is-config="true" duration-ms="1546" started-at="2019-10-09T21:47:58Z" finished-at="2019-10-09T21:47:59Z">
          <reporter-output>
          </reporter-output>
        </test-method> <!-- clickLogout -->
        <test-method status="PASS" signature="CloseBrowser()[pri:0, instance:com.hellofresh.challenge.ShoppingPortalRegistrationTest@3c756e4d]" name="CloseBrowser" is-config="true" duration-ms="119" started-at="2019-10-09T21:47:59Z" depends-on-methods="com.hellofresh.challenge.ShoppingPortalRegistrationTest.clickLogout" finished-at="2019-10-09T21:47:59Z">
          <reporter-output>
          </reporter-output>
        </test-method> <!-- CloseBrowser -->
      </class> <!-- com.hellofresh.challenge.ShoppingPortalRegistrationTest -->
    </test> <!-- ShoppingPortalRegistrationTest -->
    <test name="ShoppingPortalCheckoutTest" duration-ms="23785" started-at="2019-10-09T21:47:43Z" finished-at="2019-10-09T21:48:07Z">
      <class name="com.hellofresh.challenge.ShoppingPortalCheckoutTest">
        <test-method status="PASS" signature="setupTest(java.lang.String, java.lang.String)[pri:0, instance:com.hellofresh.challenge.ShoppingPortalCheckoutTest@675d3402]" name="setupTest" is-config="true" duration-ms="6262" started-at="2019-10-09T21:47:43Z" finished-at="2019-10-09T21:47:50Z">
          <params>
            <param index="0">
              <value>
                <![CDATA[chrome]]>
              </value>
            </param>
            <param index="1">
              <value>
                <![CDATA[http://automationpractice.com/index.php]]>
              </value>
            </param>
          </params>
          <reporter-output>
          </reporter-output>
        </test-method> <!-- setupTest -->
        <test-method status="PASS" signature="orderProcessing_CheckoutTest(java.lang.String, java.lang.String, java.lang.String, java.lang.String, java.lang.String, java.lang.String, java.lang.String)[pri:0, instance:com.hellofresh.challenge.ShoppingPortalCheckoutTest@675d3402]" name="orderProcessing_CheckoutTest" duration-ms="15324" started-at="2019-10-09T21:47:50Z" data-provider="ShoppingPortal" finished-at="2019-10-09T21:48:06Z">
          <params>
            <param index="0">
              <value>
                <![CDATA[Faded Short Sleeve T-shirts]]>
              </value>
            </param>
            <param index="1">
              <value>
                <![CDATA[3]]>
              </value>
            </param>
            <param index="2">
              <value>
                <![CDATA[L]]>
              </value>
            </param>
            <param index="3">
              <value>
                <![CDATA[himanshuarora323@gmail.com]]>
              </value>
            </param>
            <param index="4">
              <value>
                <![CDATA[QA90qa90]]>
              </value>
            </param>
            <param index="5">
              <value>
                <![CDATA[Test]]>
              </value>
            </param>
            <param index="6">
              <value>
                <![CDATA[ABC]]>
              </value>
            </param>
          </params>
          <reporter-output>
          </reporter-output>
        </test-method> <!-- orderProcessing_CheckoutTest -->
        <test-method status="PASS" signature="clickLogout()[pri:0, instance:com.hellofresh.challenge.ShoppingPortalCheckoutTest@675d3402]" name="clickLogout" is-config="true" duration-ms="1632" started-at="2019-10-09T21:48:06Z" finished-at="2019-10-09T21:48:07Z">
          <reporter-output>
          </reporter-output>
        </test-method> <!-- clickLogout -->
        <test-method status="PASS" signature="CloseBrowser()[pri:0, instance:com.hellofresh.challenge.ShoppingPortalCheckoutTest@675d3402]" name="CloseBrowser" is-config="true" duration-ms="117" started-at="2019-10-09T21:48:07Z" depends-on-methods="com.hellofresh.challenge.ShoppingPortalCheckoutTest.clickLogout" finished-at="2019-10-09T21:48:07Z">
          <reporter-output>
          </reporter-output>
        </test-method> <!-- CloseBrowser -->
      </class> <!-- com.hellofresh.challenge.ShoppingPortalCheckoutTest -->
    </test> <!-- ShoppingPortalCheckoutTest -->
  </suite> <!-- Suite -->
  <suite name="SuiteAPI" duration-ms="3252" started-at="2019-10-09T21:48:07Z" finished-at="2019-10-09T21:48:11Z">
    <groups>
    </groups>
    <test name="GetAllCountriesTest" duration-ms="2109" started-at="2019-10-09T21:48:07Z" finished-at="2019-10-09T21:48:09Z">
      <class name="com.hellofresh.apitest.GetAllCountriesTest">
        <test-method status="PASS" signature="setupTest()[pri:0, instance:com.hellofresh.apitest.GetAllCountriesTest@39aeed2f]" name="setupTest" is-config="true" duration-ms="1" started-at="2019-10-09T21:48:07Z" finished-at="2019-10-09T21:48:07Z">
          <reporter-output>
          </reporter-output>
        </test-method> <!-- setupTest -->
        <test-method status="PASS" signature="getAllCountriesAndValidate()[pri:0, instance:com.hellofresh.apitest.GetAllCountriesTest@39aeed2f]" name="getAllCountriesAndValidate" duration-ms="2105" started-at="2019-10-09T21:48:07Z" finished-at="2019-10-09T21:48:09Z">
          <reporter-output>
          </reporter-output>
        </test-method> <!-- getAllCountriesAndValidate -->
        <test-method status="PASS" signature="teardown()[pri:0, instance:com.hellofresh.apitest.GetAllCountriesTest@39aeed2f]" name="teardown" is-config="true" duration-ms="0" started-at="2019-10-09T21:48:09Z" finished-at="2019-10-09T21:48:09Z">
          <reporter-output>
          </reporter-output>
        </test-method> <!-- teardown -->
      </class> <!-- com.hellofresh.apitest.GetAllCountriesTest -->
    </test> <!-- GetAllCountriesTest -->
    <test name="GetCountryByAlphaCodeTest" duration-ms="329" started-at="2019-10-09T21:48:09Z" finished-at="2019-10-09T21:48:10Z">
      <class name="com.hellofresh.apitest.GetCountryByAlphaCodeTest">
        <test-method status="PASS" signature="getCountryByAlphaCodeAndValidateResponse()[pri:0, instance:com.hellofresh.apitest.GetCountryByAlphaCodeTest@8bd1b6a]" name="getCountryByAlphaCodeAndValidateResponse" duration-ms="327" started-at="2019-10-09T21:48:09Z" finished-at="2019-10-09T21:48:10Z">
          <reporter-output>
          </reporter-output>
        </test-method> <!-- getCountryByAlphaCodeAndValidateResponse -->
        <test-method status="PASS" signature="setupTest()[pri:0, instance:com.hellofresh.apitest.GetCountryByAlphaCodeTest@8bd1b6a]" name="setupTest" is-config="true" duration-ms="0" started-at="2019-10-09T21:48:09Z" finished-at="2019-10-09T21:48:09Z">
          <reporter-output>
          </reporter-output>
        </test-method> <!-- setupTest -->
        <test-method status="PASS" signature="teardown()[pri:0, instance:com.hellofresh.apitest.GetCountryByAlphaCodeTest@8bd1b6a]" name="teardown" is-config="true" duration-ms="1" started-at="2019-10-09T21:48:10Z" finished-at="2019-10-09T21:48:10Z">
          <reporter-output>
          </reporter-output>
        </test-method> <!-- teardown -->
      </class> <!-- com.hellofresh.apitest.GetCountryByAlphaCodeTest -->
    </test> <!-- GetCountryByAlphaCodeTest -->
    <test name="GetCountryByNameWithInvalidData" duration-ms="245" started-at="2019-10-09T21:48:10Z" finished-at="2019-10-09T21:48:10Z">
      <class name="com.hellofresh.apitest.GetCountryByNameWithInvalidData">
        <test-method status="PASS" signature="setupTest()[pri:0, instance:com.hellofresh.apitest.GetCountryByNameWithInvalidData@26be92ad]" name="setupTest" is-config="true" duration-ms="0" started-at="2019-10-09T21:48:10Z" finished-at="2019-10-09T21:48:10Z">
          <reporter-output>
          </reporter-output>
        </test-method> <!-- setupTest -->
        <test-method status="PASS" signature="validateInvalidCountryResponse()[pri:0, instance:com.hellofresh.apitest.GetCountryByNameWithInvalidData@26be92ad]" name="validateInvalidCountryResponse" duration-ms="245" started-at="2019-10-09T21:48:10Z" finished-at="2019-10-09T21:48:10Z">
          <reporter-output>
          </reporter-output>
        </test-method> <!-- validateInvalidCountryResponse -->
        <test-method status="PASS" signature="teardown()[pri:0, instance:com.hellofresh.apitest.GetCountryByNameWithInvalidData@26be92ad]" name="teardown" is-config="true" duration-ms="0" started-at="2019-10-09T21:48:10Z" finished-at="2019-10-09T21:48:10Z">
          <reporter-output>
          </reporter-output>
        </test-method> <!-- teardown -->
      </class> <!-- com.hellofresh.apitest.GetCountryByNameWithInvalidData -->
    </test> <!-- GetCountryByNameWithInvalidData -->
    <test name="PostCountryTest_APINotYetDeveloped" duration-ms="437" started-at="2019-10-09T21:48:10Z" finished-at="2019-10-09T21:48:11Z">
      <class name="com.hellofresh.apitest.PostCountryTest">
        <test-method status="PASS" signature="setupTest()[pri:0, instance:com.hellofresh.apitest.PostCountryTest@28d25987]" name="setupTest" is-config="true" duration-ms="1" started-at="2019-10-09T21:48:10Z" finished-at="2019-10-09T21:48:10Z">
          <reporter-output>
          </reporter-output>
        </test-method> <!-- setupTest -->
        <test-method status="FAIL" signature="postCountry()[pri:0, instance:com.hellofresh.apitest.PostCountryTest@28d25987]" name="postCountry" duration-ms="427" started-at="2019-10-09T21:48:10Z" finished-at="2019-10-09T21:48:11Z">
          <exception class="java.lang.AssertionError">
            <message>
              <![CDATA[2 expectations failed.
Expected status code <200> but was <404>.

Expected header "Content-Type" was not "application/json;charset=utf-8", was "null". Headers are:
Date=Wed, 09 Oct 2019 21:48:11 GMT
Content-Length=0
Connection=keep-alive
Set-Cookie=__cfduid=d47f22f1990d960d4d3b2f2b161ca14a41570657691; expires=Thu, 08-Oct-20 21:48:11 GMT; path=/; domain=.restcountries.eu; HttpOnly
Access-Control-Allow-Origin=*
Access-Control-Allow-Methods=GET
Access-Control-Allow-Headers=Accept, X-Requested-With
Cache-Control=public, max-age=86400
CF-Cache-Status=DYNAMIC
Expect-CT=max-age=604800, report-uri="https://report-uri.cloudflare.com/cdn-cgi/beacon/expect-ct"
Server=cloudflare
CF-RAY=52338ea90fe0bb8e-LHR
]]>
            </message>
            <full-stacktrace>
              <![CDATA[java.lang.AssertionError: 2 expectations failed.
Expected status code <200> but was <404>.

Expected header "Content-Type" was not "application/json;charset=utf-8", was "null". Headers are:
Date=Wed, 09 Oct 2019 21:48:11 GMT
Content-Length=0
Connection=keep-alive
Set-Cookie=__cfduid=d47f22f1990d960d4d3b2f2b161ca14a41570657691; expires=Thu, 08-Oct-20 21:48:11 GMT; path=/; domain=.restcountries.eu; HttpOnly
Access-Control-Allow-Origin=*
Access-Control-Allow-Methods=GET
Access-Control-Allow-Headers=Accept, X-Requested-With
Cache-Control=public, max-age=86400
CF-Cache-Status=DYNAMIC
Expect-CT=max-age=604800, report-uri="https://report-uri.cloudflare.com/cdn-cgi/beacon/expect-ct"
Server=cloudflare
CF-RAY=52338ea90fe0bb8e-LHR

at sun.reflect.NativeConstructorAccessorImpl.newInstance0(Native Method)
at sun.reflect.NativeConstructorAccessorImpl.newInstance(NativeConstructorAccessorImpl.java:62)
at sun.reflect.DelegatingConstructorAccessorImpl.newInstance(DelegatingConstructorAccessorImpl.java:45)
at java.lang.reflect.Constructor.newInstance(Constructor.java:423)
at org.codehaus.groovy.reflection.CachedConstructor.invoke(CachedConstructor.java:83)
at org.codehaus.groovy.reflection.CachedConstructor.doConstructorInvoke(CachedConstructor.java:77)
at org.codehaus.groovy.runtime.callsite.ConstructorSite$ConstructorSiteNoUnwrap.callConstructor(ConstructorSite.java:84)
at org.codehaus.groovy.runtime.callsite.CallSiteArray.defaultCallConstructor(CallSiteArray.java:60)
at org.codehaus.groovy.runtime.callsite.AbstractCallSite.callConstructor(AbstractCallSite.java:235)
at org.codehaus.groovy.runtime.callsite.AbstractCallSite.callConstructor(AbstractCallSite.java:247)
at io.restassured.internal.ResponseSpecificationImpl$HamcrestAssertionClosure.validate(ResponseSpecificationImpl.groovy:471)
at io.restassured.internal.ResponseSpecificationImpl$HamcrestAssertionClosure$validate$1.call(Unknown Source)
at io.restassured.internal.ResponseSpecificationImpl.validate(ResponseSpecificationImpl.groovy:88)
at io.restassured.internal.ValidatableResponseOptionsImpl.specification(ValidatableResponseOptionsImpl.java:311)
at io.restassured.internal.ValidatableResponseOptionsImpl.spec(ValidatableResponseOptionsImpl.java:292)
at restAPI.PostAPI.postCountry(PostAPI.java:20)
at com.hellofresh.apitest.PostCountryTest.postCountry(PostCountryTest.java:40)
at sun.reflect.NativeMethodAccessorImpl.invoke0(Native Method)
at sun.reflect.NativeMethodAccessorImpl.invoke(NativeMethodAccessorImpl.java:62)
at sun.reflect.DelegatingMethodAccessorImpl.invoke(DelegatingMethodAccessorImpl.java:43)
at java.lang.reflect.Method.invoke(Method.java:498)
at org.testng.internal.MethodInvocationHelper.invokeMethod(MethodInvocationHelper.java:124)
at org.testng.internal.Invoker.invokeMethod(Invoker.java:583)
at org.testng.internal.Invoker.invokeTestMethod(Invoker.java:719)
at org.testng.internal.Invoker.invokeTestMethods(Invoker.java:989)
at org.testng.internal.TestMethodWorker.invokeTestMethods(TestMethodWorker.java:125)
at org.testng.internal.TestMethodWorker.run(TestMethodWorker.java:109)
at org.testng.TestRunner.privateRun(TestRunner.java:648)
at org.testng.TestRunner.run(TestRunner.java:505)
at org.testng.SuiteRunner.runTest(SuiteRunner.java:455)
at org.testng.SuiteRunner.runSequentially(SuiteRunner.java:450)
at org.testng.SuiteRunner.privateRun(SuiteRunner.java:415)
at org.testng.SuiteRunner.run(SuiteRunner.java:364)
at org.testng.SuiteRunnerWorker.runSuite(SuiteRunnerWorker.java:52)
at org.testng.SuiteRunnerWorker.run(SuiteRunnerWorker.java:84)
at org.testng.TestNG.runSuitesSequentially(TestNG.java:1208)
at org.testng.TestNG.runSuitesLocally(TestNG.java:1137)
at org.testng.TestNG.runSuites(TestNG.java:1049)
at org.testng.TestNG.run(TestNG.java:1017)
at org.apache.maven.surefire.testng.TestNGExecutor.run(TestNGExecutor.java:283)
at org.apache.maven.surefire.testng.TestNGXmlTestSuite.execute(TestNGXmlTestSuite.java:75)
at org.apache.maven.surefire.testng.TestNGProvider.invoke(TestNGProvider.java:120)
at org.apache.maven.surefire.booter.ForkedBooter.invokeProviderInSameClassLoader(ForkedBooter.java:384)
at org.apache.maven.surefire.booter.ForkedBooter.runSuitesInProcess(ForkedBooter.java:345)
at org.apache.maven.surefire.booter.ForkedBooter.execute(ForkedBooter.java:126)
at org.apache.maven.surefire.booter.ForkedBooter.main(ForkedBooter.java:418)
]]>
            </full-stacktrace>
          </exception> <!-- java.lang.AssertionError -->
          <reporter-output>
          </reporter-output>
        </test-method> <!-- postCountry -->
        <test-method status="PASS" signature="teardown()[pri:0, instance:com.hellofresh.apitest.PostCountryTest@28d25987]" name="teardown" is-config="true" duration-ms="0" started-at="2019-10-09T21:48:11Z" finished-at="2019-10-09T21:48:11Z">
          <reporter-output>
          </reporter-output>
        </test-method> <!-- teardown -->
      </class> <!-- com.hellofresh.apitest.PostCountryTest -->
    </test> <!-- PostCountryTest_APINotYetDeveloped -->
  </suite> <!-- SuiteAPI -->
</testng-results>
