<?xml version="1.0" encoding="UTF-8"?>
<!-- Generated by org.testng.reporters.JUnitXMLReporter -->
<testsuite hostname="WKMIN4943354" ignored="0" name="PostCountryTest_APINotYetDeveloped" tests="1" failures="1" timestamp="09 Oct 2019 19:37:38 GMT" time="0.426" errors="0">
  <testcase name="postCountry" time="0.42" classname="com.hellofresh.apitest.PostCountryTest">
    <failure type="java.lang.AssertionError" message="2 expectations failed.
Expected status code &amp;lt;200&amp;gt; but was &amp;lt;404&amp;gt;.

Expected header &amp;quot;Content-Type&amp;quot; was not &amp;quot;application/json;charset=utf-8&amp;quot;, was &amp;quot;null&amp;quot;. Headers are:
Date=Wed, 09 Oct 2019 19:37:38 GMT
Content-Length=0
Connection=keep-alive
Set-Cookie=__cfduid=d33555071fc0cc1dcba16d5155e8efee51570649858; expires=Thu, 08-Oct-20 19:37:38 GMT; path=/; domain=.restcountries.eu; HttpOnly
Access-Control-Allow-Origin=*
Access-Control-Allow-Methods=GET
Access-Control-Allow-Headers=Accept, X-Requested-With
Cache-Control=public, max-age=86400
CF-Cache-Status=DYNAMIC
Expect-CT=max-age=604800, report-uri=&amp;quot;https://report-uri.cloudflare.com/cdn-cgi/beacon/expect-ct&amp;quot;
Server=cloudflare
CF-RAY=5232cf6ce93ee64c-LHR
">
      <![CDATA[java.lang.AssertionError: 2 expectations failed.
Expected status code <200> but was <404>.

Expected header "Content-Type" was not "application/json;charset=utf-8", was "null". Headers are:
Date=Wed, 09 Oct 2019 19:37:38 GMT
Content-Length=0
Connection=keep-alive
Set-Cookie=__cfduid=d33555071fc0cc1dcba16d5155e8efee51570649858; expires=Thu, 08-Oct-20 19:37:38 GMT; path=/; domain=.restcountries.eu; HttpOnly
Access-Control-Allow-Origin=*
Access-Control-Allow-Methods=GET
Access-Control-Allow-Headers=Accept, X-Requested-With
Cache-Control=public, max-age=86400
CF-Cache-Status=DYNAMIC
Expect-CT=max-age=604800, report-uri="https://report-uri.cloudflare.com/cdn-cgi/beacon/expect-ct"
Server=cloudflare
CF-RAY=5232cf6ce93ee64c-LHR

at org.codehaus.groovy.runtime.callsite.ConstructorSite$ConstructorSiteNoUnwrap.callConstructor(ConstructorSite.java:84)
at org.codehaus.groovy.runtime.callsite.CallSiteArray.defaultCallConstructor(CallSiteArray.java:60)
at org.codehaus.groovy.runtime.callsite.AbstractCallSite.callConstructor(AbstractCallSite.java:235)
at org.codehaus.groovy.runtime.callsite.AbstractCallSite.callConstructor(AbstractCallSite.java:247)
at io.restassured.internal.ResponseSpecificationImpl$HamcrestAssertionClosure.validate(ResponseSpecificationImpl.groovy:471)
at io.restassured.internal.ResponseSpecificationImpl$HamcrestAssertionClosure$validate$1.call(Unknown Source)
at io.restassured.internal.ResponseSpecificationImpl.validate(ResponseSpecificationImpl.groovy:88)
at io.restassured.internal.ValidatableResponseOptionsImpl.specification(ValidatableResponseOptionsImpl.java:311)
at io.restassured.internal.ValidatableResponseOptionsImpl.spec(ValidatableResponseOptionsImpl.java:292)
at restAPI.PostAPI.postCountry(PostAPI.java:20)
at com.hellofresh.apitest.PostCountryTest.postCountry(PostCountryTest.java:40)
... Removed 35 stack frames]]>
    </failure>
  </testcase> <!-- postCountry -->
</testsuite> <!-- PostCountryTest_APINotYetDeveloped -->
